{"C:\\Users\\disrct\\Desktop\\Nycollas\\NRM\\NODE\\src\\commom\\CPF.js": {"path":"C:\\Users\\disrct\\Desktop\\Nycollas\\NRM\\NODE\\src\\commom\\CPF.js","statementMap":{"0":{"start":{"line":2,"column":4},"end":{"line":2,"column":27}},"1":{"start":{"line":2,"column":14},"end":{"line":2,"column":27}},"2":{"start":{"line":3,"column":21},"end":{"line":3,"column":61}},"3":{"start":{"line":5,"column":4},"end":{"line":6,"column":21}},"4":{"start":{"line":6,"column":8},"end":{"line":6,"column":21}},"5":{"start":{"line":8,"column":23},"end":{"line":8,"column":28}},"6":{"start":{"line":10,"column":4},"end":{"line":15,"column":5}},"7":{"start":{"line":10,"column":17},"end":{"line":10,"column":18}},"8":{"start":{"line":11,"column":8},"end":{"line":14,"column":32}},"9":{"start":{"line":14,"column":12},"end":{"line":14,"column":32}},"10":{"start":{"line":16,"column":4},"end":{"line":17,"column":21}},"11":{"start":{"line":17,"column":8},"end":{"line":17,"column":21}},"12":{"start":{"line":19,"column":19},"end":{"line":19,"column":20}},"13":{"start":{"line":20,"column":4},"end":{"line":22,"column":5}},"14":{"start":{"line":20,"column":17},"end":{"line":20,"column":18}},"15":{"start":{"line":21,"column":8},"end":{"line":21,"column":53}},"16":{"start":{"line":23,"column":4},"end":{"line":24,"column":21}},"17":{"start":{"line":24,"column":8},"end":{"line":24,"column":21}},"18":{"start":{"line":26,"column":19},"end":{"line":26,"column":20}},"19":{"start":{"line":27,"column":4},"end":{"line":29,"column":5}},"20":{"start":{"line":27,"column":17},"end":{"line":27,"column":18}},"21":{"start":{"line":28,"column":8},"end":{"line":28,"column":51}},"22":{"start":{"line":31,"column":4},"end":{"line":32,"column":21}},"23":{"start":{"line":32,"column":8},"end":{"line":32,"column":21}},"24":{"start":{"line":33,"column":4},"end":{"line":33,"column":16}},"25":{"start":{"line":36,"column":0},"end":{"line":36,"column":30}}},"fnMap":{"0":{"name":"validaCpf","decl":{"start":{"line":1,"column":9},"end":{"line":1,"column":18}},"loc":{"start":{"line":1,"column":24},"end":{"line":34,"column":1}},"line":1}},"branchMap":{"0":{"loc":{"start":{"line":2,"column":4},"end":{"line":2,"column":27}},"type":"if","locations":[{"start":{"line":2,"column":4},"end":{"line":2,"column":27}},{"start":{},"end":{}}],"line":2},"1":{"loc":{"start":{"line":5,"column":4},"end":{"line":6,"column":21}},"type":"if","locations":[{"start":{"line":5,"column":4},"end":{"line":6,"column":21}},{"start":{},"end":{}}],"line":5},"2":{"loc":{"start":{"line":11,"column":8},"end":{"line":14,"column":32}},"type":"if","locations":[{"start":{"line":11,"column":8},"end":{"line":14,"column":32}},{"start":{},"end":{}}],"line":11},"3":{"loc":{"start":{"line":11,"column":12},"end":{"line":13,"column":42}},"type":"binary-expr","locations":[{"start":{"line":11,"column":12},"end":{"line":11,"column":42}},{"start":{"line":12,"column":12},"end":{"line":12,"column":42}},{"start":{"line":13,"column":12},"end":{"line":13,"column":42}}],"line":11},"4":{"loc":{"start":{"line":16,"column":4},"end":{"line":17,"column":21}},"type":"if","locations":[{"start":{"line":16,"column":4},"end":{"line":17,"column":21}},{"start":{},"end":{}}],"line":16},"5":{"loc":{"start":{"line":23,"column":4},"end":{"line":24,"column":21}},"type":"if","locations":[{"start":{"line":23,"column":4},"end":{"line":24,"column":21}},{"start":{},"end":{}}],"line":23},"6":{"loc":{"start":{"line":31,"column":4},"end":{"line":32,"column":21}},"type":"if","locations":[{"start":{"line":31,"column":4},"end":{"line":32,"column":21}},{"start":{},"end":{}}],"line":31}},"s":{"0":6,"1":1,"2":5,"3":5,"4":1,"5":4,"6":4,"7":4,"8":32,"9":24,"10":4,"11":3,"12":1,"13":1,"14":1,"15":9,"16":1,"17":0,"18":1,"19":1,"20":1,"21":10,"22":1,"23":0,"24":1,"25":1},"f":{"0":6},"b":{"0":[1,5],"1":[1,4],"2":[24,8],"3":[32,26,24],"4":[3,1],"5":[0,1],"6":[0,1]},"_coverageSchema":"1a1c01bbd47fc00a2c39e90264f33305004495a9","hash":"f0ff4a50665c4560133405c8c1ad0874756bd30b"}
,"C:\\Users\\disrct\\Desktop\\Nycollas\\NRM\\NODE\\src\\commom\\calc.js": {"path":"C:\\Users\\disrct\\Desktop\\Nycollas\\NRM\\NODE\\src\\commom\\calc.js","statementMap":{"0":{"start":{"line":3,"column":4},"end":{"line":3,"column":17}},"1":{"start":{"line":7,"column":4},"end":{"line":7,"column":17}},"2":{"start":{"line":10,"column":4},"end":{"line":10,"column":17}},"3":{"start":{"line":14,"column":4},"end":{"line":14,"column":17}},"4":{"start":{"line":17,"column":0},"end":{"line":17,"column":41}}},"fnMap":{"0":{"name":"Sum","decl":{"start":{"line":2,"column":9},"end":{"line":2,"column":12}},"loc":{"start":{"line":2,"column":21},"end":{"line":4,"column":1}},"line":2},"1":{"name":"Sub","decl":{"start":{"line":6,"column":9},"end":{"line":6,"column":12}},"loc":{"start":{"line":6,"column":21},"end":{"line":8,"column":1}},"line":6},"2":{"name":"Mult","decl":{"start":{"line":9,"column":9},"end":{"line":9,"column":13}},"loc":{"start":{"line":9,"column":22},"end":{"line":11,"column":1}},"line":9},"3":{"name":"Div","decl":{"start":{"line":13,"column":9},"end":{"line":13,"column":12}},"loc":{"start":{"line":13,"column":20},"end":{"line":15,"column":1}},"line":13}},"branchMap":{},"s":{"0":1,"1":1,"2":1,"3":1,"4":1},"f":{"0":1,"1":1,"2":1,"3":1},"b":{},"_coverageSchema":"1a1c01bbd47fc00a2c39e90264f33305004495a9","hash":"0d0ad704f269663e83cffb31c7ab58883e0445de"}
}
