TN:
SF:src\commom\CPF.js
FN:1,validaCpf
FNF:1
FNH:1
FNDA:6,validaCpf
DA:2,6
DA:3,5
DA:5,5
DA:6,1
DA:8,4
DA:10,4
DA:11,32
DA:14,24
DA:16,4
DA:17,3
DA:19,1
DA:20,1
DA:21,9
DA:23,1
DA:24,0
DA:26,1
DA:27,1
DA:28,10
DA:31,1
DA:32,0
DA:33,1
DA:36,1
LF:22
LH:20
BRDA:2,0,0,1
BRDA:2,0,1,5
BRDA:5,1,0,1
BRDA:5,1,1,4
BRDA:11,2,0,24
BRDA:11,2,1,8
BRDA:11,3,0,32
BRDA:11,3,1,26
BRDA:11,3,2,24
BRDA:16,4,0,3
BRDA:16,4,1,1
BRDA:23,5,0,0
BRDA:23,5,1,1
BRDA:31,6,0,0
BRDA:31,6,1,1
BRF:15
BRH:13
end_of_record
TN:
SF:src\commom\calc.js
FN:2,Sum
FN:6,Sub
FN:9,Mult
FN:13,Div
FNF:4
FNH:4
FNDA:1,Sum
FNDA:1,Sub
FNDA:1,Mult
FNDA:1,Div
DA:3,1
DA:7,1
DA:10,1
DA:14,1
DA:17,1
LF:5
LH:5
BRF:0
BRH:0
end_of_record
